<?xml version="1.0" encoding="UTF-8"?>
<testng-results skipped="0" failed="0" total="1" passed="1">
  <reporter-output>
  </reporter-output>
  <suite name="Default suite" duration-ms="54413" started-at="2013-06-26T11:48:50Z" finished-at="2013-06-26T11:49:44Z">
    <groups>
    </groups>
    <test name="Default test" duration-ms="54413" started-at="2013-06-26T11:48:50Z" finished-at="2013-06-26T11:49:44Z">
      <class name="org.apache.automation.SiteExploring">
        <test-method status="PASS" signature="beforeTest()[pri:0, instance:org.apache.automation.SiteExploring@4428573f]" name="beforeTest" is-config="true" duration-ms="9137" started-at="2013-06-26T14:48:50Z" finished-at="2013-06-26T14:48:59Z">
          <reporter-output>
          </reporter-output>
        </test-method> <!-- beforeTest -->
        <test-method status="PASS" signature="navigateToTomcatProject()[pri:0, instance:org.apache.automation.SiteExploring@4428573f]" name="navigateToTomcatProject" duration-ms="15575" started-at="2013-06-26T14:48:59Z" finished-at="2013-06-26T14:49:14Z">
          <reporter-output>
          </reporter-output>
        </test-method> <!-- navigateToTomcatProject -->
        <test-method status="PASS" signature="afterTest()[pri:0, instance:org.apache.automation.SiteExploring@4428573f]" name="afterTest" is-config="true" duration-ms="29690" started-at="2013-06-26T14:49:14Z" finished-at="2013-06-26T14:49:44Z">
          <reporter-output>
          </reporter-output>
        </test-method> <!-- afterTest -->
      </class> <!-- org.apache.automation.SiteExploring -->
    </test> <!-- Default test -->
  </suite> <!-- Default suite -->
</testng-results>
